<?xml version="1.0" encoding="UTF-8"?>
<Site BuildName="Linux-g++"
	BuildStamp="20230622-1458-Experimental"
	Name="Aaryesh"
	Generator="ctest-3.22.1"
	CompilerName="/usr/bin/g++"
	CompilerVersion="11.3.0"
	OSName="Linux"
	Hostname="Aaryesh"
	OSRelease="5.19.0-43-generic"
	OSVersion="#44~22.04.1-Ubuntu SMP PREEMPT_DYNAMIC Mon May 22 13:39:36 UTC 2"
	OSPlatform="x86_64"
	Is64Bits="1"
	VendorString="GenuineIntel"
	VendorID="Intel Corporation"
	FamilyID="6"
	ModelID="140"
	ProcessorCacheSize="8192"
	NumberOfLogicalCPU="8"
	NumberOfPhysicalCPU="4"
	TotalVirtualMemory="2047"
	TotalPhysicalMemory="15740"
	LogicalProcessorsPerPhysical="2"
	ProcessorClockFrequency="1083.59"
	>
	<Testing>
		<StartDateTime>Jun 23 01:20 IST</StartDateTime>
		<StartTestTime>1687463447</StartTestTime>
		<TestList/>
		<EndDateTime>Jun 23 01:20 IST</EndDateTime>
		<EndTestTime>1687463447</EndTestTime>
		<ElapsedMinutes>0</ElapsedMinutes>
	</Testing>
</Site>
